0 info it worked if it ends with ok
1 verbose cli [ 'c:\\Program Files\\nodejs\\node.exe',
1 verbose cli   'C:\\Users\\Malurok\\AppData\\Roaming\\npm\\node_modules\\npm\\bin\\npm-cli.js',
1 verbose cli   'start' ]
2 info using npm@4.0.2
3 info using node@v7.1.0
4 verbose run-script [ 'prestart', 'start', 'poststart' ]
5 info lifecycle nodeauth@1.0.0~prestart: nodeauth@1.0.0
6 silly lifecycle nodeauth@1.0.0~prestart: no script for prestart, continuing
7 info lifecycle nodeauth@1.0.0~start: nodeauth@1.0.0
8 verbose lifecycle nodeauth@1.0.0~start: unsafe-perm in lifecycle true
9 verbose lifecycle nodeauth@1.0.0~start: PATH: C:\Users\Malurok\AppData\Roaming\npm\node_modules\npm\bin\node-gyp-bin;c:\Users\Malurok\EduOunix\nodeauth\node_modules\.bin;c:\Users\Malurok\bin;.;C:\Program Files (x86)\Git\local\bin;C:\Program Files (x86)\Git\mingw\bin;C:\Program Files (x86)\Git\bin;C:\Program Files (x86)\Git\bin;c:\Program Files\Common Files\Microsoft Shared\Windows Live;c:\Program Files (x86)\Common Files\Microsoft Shared\Windows Live;c:\ProgramData\Oracle\Java\javapath;c:\Program Files (x86)\NVIDIA Corporation\PhysX\Common;c:\Program Files (x86)\Intel\iCLS Client\;c:\Program Files\Intel\iCLS Client\;c:\Windows\system32;c:\Windows;c:\Windows\System32\Wbem;c:\Windows\System32\WindowsPowerShell\v1.0\;c:\Program Files\Intel\Intel(R) Management Engine Components\DAL;c:\Program Files\Intel\Intel(R) Management Engine Components\IPT;c:\Program Files (x86)\Intel\Intel(R) Management Engine Components\DAL;c:\Program Files (x86)\Intel\Intel(R) Management Engine Components\IPT;c:\Program Files (x86)\Intel\OpenCL SDK\3.0\bin\x86;c:\Program Files (x86)\Intel\OpenCL SDK\3.0\bin\x64;c:\Program Files\Microsoft\Web Platform Installer\;c:\Program Files (x86)\Windows Kits\8.1\Windows Performance Toolkit\;c:\Program Files\Microsoft SQL Server\110\Tools\Binn\;c:\Program Files\Microsoft SQL Server\120\Tools\Binn\;c:\Program Files\cURL\bin;c:\SeleniumB\Chrome;c:\SeleniumB\IE;c:\Program Files (x86)\Microsoft SDKs\Azure\CLI\wbin;c:\Program Files (x86)\Windows Live\Shared;c:\opscode\chefdk\bin\;c:\Program Files (x86)\Brackets\command;c:\Program Files (x86)\DevDesktop\drush;c:\Windows\system32\config\systemprofile\.dnx\bin;c:\Program Files\Microsoft DNX\Dnvm\;c:\Program Files\Microsoft SQL Server\130\Tools\Binn\;c:\Program Files\Git\cmd;c:\Program Files\nodejs\;c:\Program Files\Java\jdk1.8.0_111\bin;c:\Program Files\Apache Software Foundation\apache-maven-3.3.1\bin;c:\SeleniumB\Chrome;c:\SeleniumB\IE;c:\Windows\Microsoft.NET\Framework\v4.0.30319;.;c:\Program Files (x86)\Microsoft VS Code\bin;c:\Users\Malurok\AppData\Roaming\npm
10 verbose lifecycle nodeauth@1.0.0~start: CWD: c:\Users\Malurok\EduOunix\nodeauth
11 silly lifecycle nodeauth@1.0.0~start: Args: [ '/d /s /c', 'node ./bin/www' ]
12 silly lifecycle nodeauth@1.0.0~start: Returned: code: 3221225786  signal: null
13 info lifecycle nodeauth@1.0.0~start: Failed to exec start script
14 verbose stack Error: nodeauth@1.0.0 start: `node ./bin/www`
14 verbose stack Exit status 3221225786
14 verbose stack     at EventEmitter.<anonymous> (C:\Users\Malurok\AppData\Roaming\npm\node_modules\npm\lib\utils\lifecycle.js:279:16)
14 verbose stack     at emitTwo (events.js:106:13)
14 verbose stack     at EventEmitter.emit (events.js:191:7)
14 verbose stack     at ChildProcess.<anonymous> (C:\Users\Malurok\AppData\Roaming\npm\node_modules\npm\lib\utils\spawn.js:40:14)
14 verbose stack     at emitTwo (events.js:106:13)
14 verbose stack     at ChildProcess.emit (events.js:191:7)
14 verbose stack     at maybeClose (internal/child_process.js:885:16)
14 verbose stack     at Process.ChildProcess._handle.onexit (internal/child_process.js:226:5)
15 verbose pkgid nodeauth@1.0.0
16 verbose cwd c:\Users\Malurok\EduOunix\nodeauth
17 error Windows_NT 6.1.7601
18 error argv "c:\\Program Files\\nodejs\\node.exe" "C:\\Users\\Malurok\\AppData\\Roaming\\npm\\node_modules\\npm\\bin\\npm-cli.js" "start"
19 error node v7.1.0
20 error npm  v4.0.2
21 error code ELIFECYCLE
22 error nodeauth@1.0.0 start: `node ./bin/www`
22 error Exit status 3221225786
23 error Failed at the nodeauth@1.0.0 start script 'node ./bin/www'.
23 error Make sure you have the latest version of node.js and npm installed.
23 error If you do, this is most likely a problem with the nodeauth package,
23 error not with npm itself.
23 error Tell the author that this fails on your system:
23 error     node ./bin/www
23 error You can get information on how to open an issue for this project with:
23 error     npm bugs nodeauth
23 error Or if that isn't available, you can get their info via:
23 error     npm owner ls nodeauth
23 error There is likely additional logging output above.
24 verbose exit [ 1, true ]
